<?xml version="1.0" encoding="UTF-8"?>
<testng-results ignored="0" total="1" passed="1" failed="0" skipped="0">
  <reporter-output>
  </reporter-output>
  <suite started-at="2020-11-23T10:15:39 IST" name="Default suite" finished-at="2020-11-23T10:16:12 IST" duration-ms="32752">
    <groups>
    </groups>
    <test started-at="2020-11-23T10:15:39 IST" name="Default test" finished-at="2020-11-23T10:16:12 IST" duration-ms="32752">
      <class name="com.project.testcases.CalorieCalculatorPageTestCase">
        <test-method signature="EnterCalorieDetails()[pri:0, instance:com.project.testcases.CalorieCalculatorPageTestCase@13b13b5d]" started-at="2020-11-23T10:15:39 IST" name="EnterCalorieDetails" finished-at="2020-11-23T10:16:12 IST" duration-ms="32632" status="PASS">
          <reporter-output>
          </reporter-output>
        </test-method> <!-- EnterCalorieDetails -->
      </class> <!-- com.project.testcases.CalorieCalculatorPageTestCase -->
    </test> <!-- Default test -->
  </suite> <!-- Default suite -->
</testng-results>
