<?xml version="1.0" encoding="UTF-8"?>
<!-- Generated by org.testng.reporters.JUnitXMLReporter -->
<testsuite hostname="DESKTOP-7HNKN0S" name="Regression1" tests="3" failures="0" timestamp="11 Nov 2020 10:32:21 GMT" time="48.99" errors="0">
  <testcase name="EnterCalorieDetails" time="21.705" classname="testngPack.CalorieCalculator"/>
  <testcase name="HandlingFrames" time="13.084" classname="testngPack.HandlingFrames"/>
  <testcase name="HandlingMouseOps" time="14.176" classname="testngPack.HandlingMouseOps"/>
</testsuite> <!-- Regression1 -->
